2019-05-01 12:57:31,959  INFO [main] baseclass.TestBase:78 = Chrome Browser Launched
2019-05-01 12:57:38,070  INFO [main] baseclass.TestBase:78 = Navigated to url -- https://www.makemytrip.com
2019-05-01 12:57:39,318  INFO [main] baseclass.TestBase:78 = Selected city from the list
2019-05-01 12:57:39,797  INFO [main] baseclass.TestBase:78 = Selected city from the list
2019-05-01 12:57:40,324  INFO [main] baseclass.TestBase:78 = Clicked on Departure Date
2019-05-01 12:57:42,199  INFO [main] baseclass.TestBase:78 = Clicked on Return Date
2019-05-01 12:57:46,615  INFO [main] baseclass.TestBase:78 = Clicked on Search button
2019-05-01 12:57:52,673  INFO [main] baseclass.TestBase:78 = Chrome Browser Launched
2019-05-01 12:58:02,713  INFO [main] baseclass.TestBase:78 = Navigated to url -- https://www.makemytrip.com
2019-05-01 12:58:04,483  INFO [main] baseclass.TestBase:78 = Selected city from the list
2019-05-01 12:58:05,265  INFO [main] baseclass.TestBase:78 = Selected city from the list
2019-05-01 12:58:07,163  INFO [main] baseclass.TestBase:78 = Clicked on Departure Date
2019-05-01 12:58:08,028  INFO [main] baseclass.TestBase:78 = Clicked on Return Date
2019-05-01 12:58:11,247  INFO [main] baseclass.TestBase:78 = Clicked on Search button
2019-05-01 12:58:11,295  INFO [main] baseclass.TestBase:78 = Webpage scrolled down to the end
2019-05-01 12:58:13,710  INFO [main] baseclass.TestBase:78 = Webpage scrolled down to the end
2019-05-01 12:58:15,874  INFO [main] baseclass.TestBase:78 = Webpage scrolled down to the end
2019-05-01 12:58:17,950  INFO [main] baseclass.TestBase:78 = Webpage scrolled down to the end
2019-05-01 12:58:20,045  INFO [main] baseclass.TestBase:78 = Webpage scrolled down to the end
2019-05-01 12:58:24,440  INFO [main] baseclass.TestBase:78 = Webpage scrolled down to the end
2019-05-01 12:58:26,523  INFO [main] baseclass.TestBase:78 = Webpage scrolled down to the end
2019-05-01 12:58:28,647  INFO [main] baseclass.TestBase:78 = Webpage scrolled down to the end
2019-05-01 12:58:30,693  INFO [main] baseclass.TestBase:78 = Webpage scrolled down to the end
2019-05-01 12:58:33,264  INFO [main] baseclass.TestBase:78 = Scrolled to the element
2019-05-01 12:58:33,997  INFO [main] baseclass.TestBase:78 = Clicked on element using JavaScript Executor
2019-05-01 12:58:33,997  INFO [main] baseclass.TestBase:78 = Clicked on 4th flight
2019-05-01 12:58:36,593  INFO [main] baseclass.TestBase:78 = Scrolled to the element
2019-05-01 12:58:37,355  INFO [main] baseclass.TestBase:78 = Clicked on element using JavaScript Executor
2019-05-01 12:58:37,355  INFO [main] baseclass.TestBase:78 = Clicked on 3th flight
2019-05-01 12:58:41,802  INFO [main] baseclass.TestBase:78 = Chrome Browser Launched
2019-05-01 12:58:48,434  INFO [main] baseclass.TestBase:78 = Navigated to url -- https://www.makemytrip.com
2019-05-01 12:58:50,274  INFO [main] baseclass.TestBase:78 = Selected city from the list
2019-05-01 12:58:52,088  INFO [main] baseclass.TestBase:78 = Selected city from the list
2019-05-01 12:58:52,833  INFO [main] baseclass.TestBase:78 = Clicked on Departure Date
2019-05-01 12:58:53,611  INFO [main] baseclass.TestBase:78 = Clicked on Return Date
2019-05-01 12:58:56,700  INFO [main] baseclass.TestBase:78 = Clicked on Search button
2019-05-01 12:58:56,833  INFO [main] baseclass.TestBase:78 = Webpage scrolled down to the end
2019-05-01 12:58:59,032  INFO [main] baseclass.TestBase:78 = Webpage scrolled down to the end
2019-05-01 12:59:01,357  INFO [main] baseclass.TestBase:78 = Webpage scrolled down to the end
2019-05-01 12:59:03,458  INFO [main] baseclass.TestBase:78 = Webpage scrolled down to the end
2019-05-01 12:59:05,553  INFO [main] baseclass.TestBase:78 = Webpage scrolled down to the end
2019-05-01 12:59:09,577  INFO [main] baseclass.TestBase:78 = Webpage scrolled down to the end
2019-05-01 12:59:11,661  INFO [main] baseclass.TestBase:78 = Webpage scrolled down to the end
2019-05-01 12:59:13,745  INFO [main] baseclass.TestBase:78 = Webpage scrolled down to the end
2019-05-01 12:59:15,804  INFO [main] baseclass.TestBase:78 = Webpage scrolled down to the end
2019-05-01 12:59:17,879  INFO [main] baseclass.TestBase:78 = Webpage Scrolled to the top
2019-05-01 12:59:18,326  INFO [main] baseclass.TestBase:78 = Clicked on Non Stop Filter
2019-05-01 12:59:21,982  INFO [main] baseclass.TestBase:78 = Chrome Browser Launched
2019-05-01 12:59:29,132  INFO [main] baseclass.TestBase:78 = Navigated to url -- https://www.makemytrip.com
2019-05-01 12:59:30,697  INFO [main] baseclass.TestBase:78 = Selected city from the list
2019-05-01 12:59:31,348  INFO [main] baseclass.TestBase:78 = Selected city from the list
2019-05-01 12:59:33,069  INFO [main] baseclass.TestBase:78 = Clicked on Departure Date
2019-05-01 12:59:33,916  INFO [main] baseclass.TestBase:78 = Clicked on Return Date
2019-05-01 12:59:37,052  INFO [main] baseclass.TestBase:78 = Clicked on Search button
2019-05-01 12:59:37,092  INFO [main] baseclass.TestBase:78 = Webpage scrolled down to the end
2019-05-01 12:59:39,108  INFO [main] baseclass.TestBase:78 = Webpage scrolled down to the end
2019-05-01 12:59:41,267  INFO [main] baseclass.TestBase:78 = Webpage scrolled down to the end
2019-05-01 12:59:43,338  INFO [main] baseclass.TestBase:78 = Webpage scrolled down to the end
2019-05-01 12:59:45,454  INFO [main] baseclass.TestBase:78 = Webpage scrolled down to the end
2019-05-01 12:59:49,571  INFO [main] baseclass.TestBase:78 = Webpage scrolled down to the end
2019-05-01 12:59:51,659  INFO [main] baseclass.TestBase:78 = Webpage scrolled down to the end
2019-05-01 12:59:53,733  INFO [main] baseclass.TestBase:78 = Webpage scrolled down to the end
2019-05-01 12:59:55,767  INFO [main] baseclass.TestBase:78 = Webpage scrolled down to the end
2019-05-01 12:59:57,846  INFO [main] baseclass.TestBase:78 = Webpage Scrolled to the top
2019-05-01 12:59:58,242  INFO [main] baseclass.TestBase:78 = Clicked on 1 Stop Filter
2019-05-01 13:00:03,588  INFO [main] baseclass.TestBase:78 = Chrome Browser Launched
2019-05-01 13:00:09,259  INFO [main] baseclass.TestBase:78 = Navigated to url -- https://www.makemytrip.com
2019-05-01 13:00:11,184  INFO [main] baseclass.TestBase:78 = Selected city from the list
2019-05-01 13:00:13,188  INFO [main] baseclass.TestBase:78 = Selected city from the list
2019-05-01 13:00:14,191  INFO [main] baseclass.TestBase:78 = Clicked on Departure Date
2019-05-01 13:00:15,675  INFO [main] baseclass.TestBase:78 = Clicked on Return Date
2019-05-01 13:00:19,361  INFO [main] baseclass.TestBase:78 = Clicked on Search button
2019-05-01 13:00:19,441  INFO [main] baseclass.TestBase:78 = Webpage scrolled down to the end
2019-05-01 13:00:21,462  INFO [main] baseclass.TestBase:78 = Webpage scrolled down to the end
2019-05-01 13:00:23,673  INFO [main] baseclass.TestBase:78 = Webpage scrolled down to the end
2019-05-01 13:00:25,760  INFO [main] baseclass.TestBase:78 = Webpage scrolled down to the end
2019-05-01 13:00:27,835  INFO [main] baseclass.TestBase:78 = Webpage scrolled down to the end
2019-05-01 13:00:29,915  INFO [main] baseclass.TestBase:78 = Webpage scrolled down to the end
2019-05-01 13:00:32,505  INFO [main] baseclass.TestBase:78 = Webpage scrolled down to the end
2019-05-01 13:00:34,634  INFO [main] baseclass.TestBase:78 = Webpage scrolled down to the end
2019-05-01 13:00:36,681  INFO [main] baseclass.TestBase:78 = Webpage scrolled down to the end
